# JRE version: OpenJDK Runtime Environment Temurin-21.0.10+7 (21.0.10+7) (build 21.0.10+7-LTS)
# Java VM: OpenJDK 64-Bit Server VM Temurin-21.0.10+7 (21.0.10+7-LTS, mixed mode, sharing, tiered, compressed oops, compressed class ptrs, parallel gc, windows-amd64)
GC Precious Log:
 CardTable entry size: 512
 CPUs: 12 total, 12 available
 Memory: 16068M
 Large Page Support: Disabled
 NUMA Support: Disabled
 Compressed Oops: Enabled (32-bit)
 Alignments: Space 512K, Generation 512K, Heap 2M
 Heap Min Capacity: 100M
 Heap Initial Capacity: 100M
 Heap Max Capacity: 2G
 Pre-touch: Disabled
 Parallel Workers: 10
Heap:
 PSYoungGen      total 17408K, used 1925K [0x00000000d5580000, 0x00000000d6780000, 0x0000000100000000)
  eden space 16384K, 7% used [0x00000000d5580000,0x00000000d56a1550,0x00000000d6580000)
  from space 1024K, 75% used [0x00000000d6680000,0x00000000d6740000,0x00000000d6780000)
  to   space 1024K, 0% used [0x00000000d6580000,0x00000000d6580000,0x00000000d6680000)
 ParOldGen       total 68608K, used 61947K [0x0000000080000000, 0x0000000084300000, 0x00000000d5580000)
  object space 68608K, 90% used [0x0000000080000000,0x0000000083c7eca8,0x0000000084300000)
 Metaspace       used 63354K, committed 64704K, reserved 1114112K
  class space    used 6885K, committed 7424K, reserved 1048576K
GC Heap History (20 events):
Event: 24.268 GC heap before
{Heap before GC invocations=44 (full 3):
 PSYoungGen      total 18432K, used 18432K [0x00000000d5580000, 0x00000000d6a00000, 0x0000000100000000)
  eden space 17408K, 100% used [0x00000000d5580000,0x00000000d6680000,0x00000000d6680000)
  from space 1024K, 100% used [0x00000000d6900000,0x00000000d6a00000,0x00000000d6a00000)
  to   space 1536K, 0% used [0x00000000d6700000,0x00000000d6700000,0x00000000d6880000)
 ParOldGen       total 68608K, used 56144K [0x0000000080000000, 0x0000000084300000, 0x00000000d5580000)
  object space 68608K, 81% used [0x0000000080000000,0x00000000836d41c0,0x0000000084300000)
 Metaspace       used 59171K, committed 60608K, reserved 1114112K
  class space    used 6553K, committed 7168K, reserved 1048576K
}
Event: 24.270 GC heap after
{Heap after GC invocations=44 (full 3):
 PSYoungGen      total 18944K, used 768K [0x00000000d5580000, 0x00000000d6980000, 0x0000000100000000)
  eden space 17408K, 0% used [0x00000000d5580000,0x00000000d5580000,0x00000000d6680000)
  from space 1536K, 50% used [0x00000000d6700000,0x00000000d67c0000,0x00000000d6880000)
  to   space 1024K, 0% used [0x00000000d6880000,0x00000000d6880000,0x00000000d6980000)
 ParOldGen       total 68608K, used 57094K [0x0000000080000000, 0x0000000084300000, 0x00000000d5580000)
  object space 68608K, 83% used [0x0000000080000000,0x00000000837c1b10,0x0000000084300000)
 Metaspace       used 59171K, committed 60608K, reserved 1114112K
  class space    used 6553K, committed 7168K, reserved 1048576K
}
Event: 24.369 GC heap before
{Heap before GC invocations=45 (full 3):
 PSYoungGen      total 18944K, used 18176K [0x00000000d5580000, 0x00000000d6980000, 0x0000000100000000)
  eden space 17408K, 100% used [0x00000000d5580000,0x00000000d6680000,0x00000000d6680000)
  from space 1536K, 50% used [0x00000000d6700000,0x00000000d67c0000,0x00000000d6880000)
  to   space 1024K, 0% used [0x00000000d6880000,0x00000000d6880000,0x00000000d6980000)
 ParOldGen       total 68608K, used 57094K [0x0000000080000000, 0x0000000084300000, 0x00000000d5580000)
  object space 68608K, 83% used [0x0000000080000000,0x00000000837c1b10,0x0000000084300000)
 Metaspace       used 59313K, committed 60736K, reserved 1114112K
  class space    used 6565K, committed 7168K, reserved 1048576K
}
Event: 24.371 GC heap after
{Heap after GC invocations=45 (full 3):
 PSYoungGen      total 18432K, used 992K [0x00000000d5580000, 0x00000000d6a80000, 0x0000000100000000)
  eden space 17408K, 0% used [0x00000000d5580000,0x00000000d5580000,0x00000000d6680000)
  from space 1024K, 96% used [0x00000000d6880000,0x00000000d6978020,0x00000000d6980000)
  to   space 2048K, 0% used [0x00000000d6680000,0x00000000d6680000,0x00000000d6880000)
 ParOldGen       total 68608K, used 57678K [0x0000000080000000, 0x0000000084300000, 0x00000000d5580000)
  object space 68608K, 84% used [0x0000000080000000,0x0000000083853b20,0x0000000084300000)
 Metaspace       used 59313K, committed 60736K, reserved 1114112K
  class space    used 6565K, committed 7168K, reserved 1048576K
}
Event: 24.452 GC heap before
{Heap before GC invocations=46 (full 3):
 PSYoungGen      total 18432K, used 18400K [0x00000000d5580000, 0x00000000d6a80000, 0x0000000100000000)
  eden space 17408K, 100% used [0x00000000d5580000,0x00000000d6680000,0x00000000d6680000)
  from space 1024K, 96% used [0x00000000d6880000,0x00000000d6978020,0x00000000d6980000)
  to   space 2048K, 0% used [0x00000000d6680000,0x00000000d6680000,0x00000000d6880000)
 ParOldGen       total 68608K, used 57678K [0x0000000080000000, 0x0000000084300000, 0x00000000d5580000)
  object space 68608K, 84% used [0x0000000080000000,0x0000000083853b20,0x0000000084300000)
 Metaspace       used 59743K, committed 61120K, reserved 1114112K
  class space    used 6581K, committed 7168K, reserved 1048576K
}
Event: 24.454 GC heap after
{Heap after GC invocations=46 (full 3):
 PSYoungGen      total 18944K, used 1184K [0x00000000d5580000, 0x00000000d6980000, 0x0000000100000000)
  eden space 17408K, 0% used [0x00000000d5580000,0x00000000d5580000,0x00000000d6680000)
  from space 1536K, 77% used [0x00000000d6680000,0x00000000d67a8000,0x00000000d6800000)
  to   space 1536K, 0% used [0x00000000d6800000,0x00000000d6800000,0x00000000d6980000)
 ParOldGen       total 68608K, used 58430K [0x0000000080000000, 0x0000000084300000, 0x00000000d5580000)
  object space 68608K, 85% used [0x0000000080000000,0x000000008390fb20,0x0000000084300000)
 Metaspace       used 59743K, committed 61120K, reserved 1114112K
  class space    used 6581K, committed 7168K, reserved 1048576K
}
Event: 24.536 GC heap before
{Heap before GC invocations=47 (full 3):
 PSYoungGen      total 18944K, used 18592K [0x00000000d5580000, 0x00000000d6980000, 0x0000000100000000)
  eden space 17408K, 100% used [0x00000000d5580000,0x00000000d6680000,0x00000000d6680000)
  from space 1536K, 77% used [0x00000000d6680000,0x00000000d67a8000,0x00000000d6800000)
  to   space 1536K, 0% used [0x00000000d6800000,0x00000000d6800000,0x00000000d6980000)
 ParOldGen       total 68608K, used 58430K [0x0000000080000000, 0x0000000084300000, 0x00000000d5580000)
  object space 68608K, 85% used [0x0000000080000000,0x000000008390fb20,0x0000000084300000)
 Metaspace       used 59976K, committed 61440K, reserved 1114112K
  class space    used 6615K, committed 7232K, reserved 1048576K
}
Event: 24.540 GC heap after
{Heap after GC invocations=47 (full 3):
 PSYoungGen      total 18944K, used 1088K [0x00000000d5580000, 0x00000000d6980000, 0x0000000100000000)
  eden space 17408K, 0% used [0x00000000d5580000,0x00000000d5580000,0x00000000d6680000)
  from space 1536K, 70% used [0x00000000d6800000,0x00000000d6910000,0x00000000d6980000)
  to   space 1536K, 0% used [0x00000000d6680000,0x00000000d6680000,0x00000000d6800000)
 ParOldGen       total 68608K, used 59366K [0x0000000080000000, 0x0000000084300000, 0x00000000d5580000)
  object space 68608K, 86% used [0x0000000080000000,0x00000000839f9b20,0x0000000084300000)
 Metaspace       used 59976K, committed 61440K, reserved 1114112K
  class space    used 6615K, committed 7232K, reserved 1048576K
}
Event: 24.576 GC heap before
{Heap before GC invocations=48 (full 3):
 PSYoungGen      total 18944K, used 18496K [0x00000000d5580000, 0x00000000d6980000, 0x0000000100000000)
  eden space 17408K, 100% used [0x00000000d5580000,0x00000000d6680000,0x00000000d6680000)
  from space 1536K, 70% used [0x00000000d6800000,0x00000000d6910000,0x00000000d6980000)
  to   space 1536K, 0% used [0x00000000d6680000,0x00000000d6680000,0x00000000d6800000)
 ParOldGen       total 68608K, used 59366K [0x0000000080000000, 0x0000000084300000, 0x00000000d5580000)
  object space 68608K, 86% used [0x0000000080000000,0x00000000839f9b20,0x0000000084300000)
 Metaspace       used 60081K, committed 61568K, reserved 1114112K
  class space    used 6620K, committed 7232K, reserved 1048576K
}
Event: 24.578 GC heap after
{Heap after GC invocations=48 (full 3):
 PSYoungGen      total 18944K, used 1056K [0x00000000d5580000, 0x00000000d6980000, 0x0000000100000000)
  eden space 17408K, 0% used [0x00000000d5580000,0x00000000d5580000,0x00000000d6680000)
  from space 1536K, 68% used [0x00000000d6680000,0x00000000d6788000,0x00000000d6800000)
  to   space 1536K, 0% used [0x00000000d6800000,0x00000000d6800000,0x00000000d6980000)
 ParOldGen       total 68608K, used 60134K [0x0000000080000000, 0x0000000084300000, 0x00000000d5580000)
  object space 68608K, 87% used [0x0000000080000000,0x0000000083ab9b20,0x0000000084300000)
 Metaspace       used 60081K, committed 61568K, reserved 1114112K
  class space    used 6620K, committed 7232K, reserved 1048576K
}
Event: 24.680 GC heap before
{Heap before GC invocations=49 (full 3):
 PSYoungGen      total 18944K, used 18434K [0x00000000d5580000, 0x00000000d6980000, 0x0000000100000000)
  eden space 17408K, 99% used [0x00000000d5580000,0x00000000d6678850,0x00000000d6680000)
  from space 1536K, 68% used [0x00000000d6680000,0x00000000d6788000,0x00000000d6800000)
  to   space 1536K, 0% used [0x00000000d6800000,0x00000000d6800000,0x00000000d6980000)
 ParOldGen       total 68608K, used 60134K [0x0000000080000000, 0x0000000084300000, 0x00000000d5580000)
  object space 68608K, 87% used [0x0000000080000000,0x0000000083ab9b20,0x0000000084300000)
 Metaspace       used 60369K, committed 61824K, reserved 1114112K
  class space    used 6636K, committed 7232K, reserved 1048576K
}
Event: 24.683 GC heap after
{Heap after GC invocations=49 (full 3):
 PSYoungGen      total 17920K, used 1531K [0x00000000d5580000, 0x00000000d6b80000, 0x0000000100000000)
  eden space 16384K, 0% used [0x00000000d5580000,0x00000000d5580000,0x00000000d6580000)
  from space 1536K, 99% used [0x00000000d6800000,0x00000000d697ee60,0x00000000d6980000)
  to   space 2560K, 0% used [0x00000000d6580000,0x00000000d6580000,0x00000000d6800000)
 ParOldGen       total 68608K, used 60613K [0x0000000080000000, 0x0000000084300000, 0x00000000d5580000)
  object space 68608K, 88% used [0x0000000080000000,0x0000000083b31648,0x0000000084300000)
 Metaspace       used 60369K, committed 61824K, reserved 1114112K
  class space    used 6636K, committed 7232K, reserved 1048576K
}
Event: 24.778 GC heap before
{Heap before GC invocations=50 (full 3):
 PSYoungGen      total 17920K, used 17915K [0x00000000d5580000, 0x00000000d6b80000, 0x0000000100000000)
  eden space 16384K, 100% used [0x00000000d5580000,0x00000000d6580000,0x00000000d6580000)
  from space 1536K, 99% used [0x00000000d6800000,0x00000000d697ee60,0x00000000d6980000)
  to   space 2560K, 0% used [0x00000000d6580000,0x00000000d6580000,0x00000000d6800000)
 ParOldGen       total 68608K, used 60613K [0x0000000080000000, 0x0000000084300000, 0x00000000d5580000)
  object space 68608K, 88% used [0x0000000080000000,0x0000000083b31648,0x0000000084300000)
 Metaspace       used 60434K, committed 61824K, reserved 1114112K
  class space    used 6636K, committed 7232K, reserved 1048576K
}
Event: 24.780 GC heap after
{Heap after GC invocations=50 (full 3):
 PSYoungGen      total 17408K, used 553K [0x00000000d5580000, 0x00000000d6880000, 0x0000000100000000)
  eden space 16384K, 0% used [0x00000000d5580000,0x00000000d5580000,0x00000000d6580000)
  from space 1024K, 54% used [0x00000000d6580000,0x00000000d660a6e8,0x00000000d6680000)
  to   space 1536K, 0% used [0x00000000d6700000,0x00000000d6700000,0x00000000d6880000)
 ParOldGen       total 68608K, used 61267K [0x0000000080000000, 0x0000000084300000, 0x00000000d5580000)
  object space 68608K, 89% used [0x0000000080000000,0x0000000083bd4ca8,0x0000000084300000)
 Metaspace       used 60434K, committed 61824K, reserved 1114112K
  class space    used 6636K, committed 7232K, reserved 1048576K
}
Event: 24.901 GC heap before
{Heap before GC invocations=51 (full 3):
 PSYoungGen      total 17408K, used 16937K [0x00000000d5580000, 0x00000000d6880000, 0x0000000100000000)
  eden space 16384K, 100% used [0x00000000d5580000,0x00000000d6580000,0x00000000d6580000)
  from space 1024K, 54% used [0x00000000d6580000,0x00000000d660a6e8,0x00000000d6680000)
  to   space 1536K, 0% used [0x00000000d6700000,0x00000000d6700000,0x00000000d6880000)
 ParOldGen       total 68608K, used 61267K [0x0000000080000000, 0x0000000084300000, 0x00000000d5580000)
  object space 68608K, 89% used [0x0000000080000000,0x0000000083bd4ca8,0x0000000084300000)
 Metaspace       used 61065K, committed 62464K, reserved 1114112K
  class space    used 6689K, committed 7296K, reserved 1048576K
}
Event: 24.905 GC heap after
{Heap after GC invocations=51 (full 3):
 PSYoungGen      total 16896K, used 384K [0x00000000d5580000, 0x00000000d6780000, 0x0000000100000000)
  eden space 16384K, 0% used [0x00000000d5580000,0x00000000d5580000,0x00000000d6580000)
  from space 512K, 75% used [0x00000000d6700000,0x00000000d6760000,0x00000000d6780000)
  to   space 1024K, 0% used [0x00000000d6580000,0x00000000d6580000,0x00000000d6680000)
 ParOldGen       total 68608K, used 61339K [0x0000000080000000, 0x0000000084300000, 0x00000000d5580000)
  object space 68608K, 89% used [0x0000000080000000,0x0000000083be6ca8,0x0000000084300000)
 Metaspace       used 61065K, committed 62464K, reserved 1114112K
  class space    used 6689K, committed 7296K, reserved 1048576K
}
Event: 25.287 GC heap before
{Heap before GC invocations=52 (full 3):
 PSYoungGen      total 16896K, used 16768K [0x00000000d5580000, 0x00000000d6780000, 0x0000000100000000)
  eden space 16384K, 100% used [0x00000000d5580000,0x00000000d6580000,0x00000000d6580000)
  from space 512K, 75% used [0x00000000d6700000,0x00000000d6760000,0x00000000d6780000)
  to   space 1024K, 0% used [0x00000000d6580000,0x00000000d6580000,0x00000000d6680000)
 ParOldGen       total 68608K, used 61339K [0x0000000080000000, 0x0000000084300000, 0x00000000d5580000)
  object space 68608K, 89% used [0x0000000080000000,0x0000000083be6ca8,0x0000000084300000)
 Metaspace       used 62426K, committed 63744K, reserved 1114112K
  class space    used 6798K, committed 7360K, reserved 1048576K
}
Event: 25.289 GC heap after
{Heap after GC invocations=52 (full 3):
 PSYoungGen      total 17408K, used 608K [0x00000000d5580000, 0x00000000d6780000, 0x0000000100000000)
  eden space 16384K, 0% used [0x00000000d5580000,0x00000000d5580000,0x00000000d6580000)
  from space 1024K, 59% used [0x00000000d6580000,0x00000000d6618000,0x00000000d6680000)
  to   space 1024K, 0% used [0x00000000d6680000,0x00000000d6680000,0x00000000d6780000)
 ParOldGen       total 68608K, used 61547K [0x0000000080000000, 0x0000000084300000, 0x00000000d5580000)
  object space 68608K, 89% used [0x0000000080000000,0x0000000083c1aca8,0x0000000084300000)
 Metaspace       used 62426K, committed 63744K, reserved 1114112K
  class space    used 6798K, committed 7360K, reserved 1048576K
}
Event: 32.581 GC heap before
{Heap before GC invocations=53 (full 3):
 PSYoungGen      total 17408K, used 16992K [0x00000000d5580000, 0x00000000d6780000, 0x0000000100000000)
  eden space 16384K, 100% used [0x00000000d5580000,0x00000000d6580000,0x00000000d6580000)
  from space 1024K, 59% used [0x00000000d6580000,0x00000000d6618000,0x00000000d6680000)
  to   space 1024K, 0% used [0x00000000d6680000,0x00000000d6680000,0x00000000d6780000)
 ParOldGen       total 68608K, used 61547K [0x0000000080000000, 0x0000000084300000, 0x00000000d5580000)
  object space 68608K, 89% used [0x0000000080000000,0x0000000083c1aca8,0x0000000084300000)
 Metaspace       used 63219K, committed 64576K, reserved 1114112K
  class space    used 6879K, committed 7424K, reserved 1048576K
}
Event: 32.585 GC heap after
{Heap after GC invocations=53 (full 3):
 PSYoungGen      total 17408K, used 768K [0x00000000d5580000, 0x00000000d6780000, 0x0000000100000000)
  eden space 16384K, 0% used [0x00000000d5580000,0x00000000d5580000,0x00000000d6580000)
  from space 1024K, 75% used [0x00000000d6680000,0x00000000d6740000,0x00000000d6780000)
  to   space 1024K, 0% used [0x00000000d6580000,0x00000000d6580000,0x00000000d6680000)
 ParOldGen       total 68608K, used 61947K [0x0000000080000000, 0x0000000084300000, 0x00000000d5580000)
  object space 68608K, 90% used [0x0000000080000000,0x0000000083c7eca8,0x0000000084300000)
 Metaspace       used 63219K, committed 64576K, reserved 1114112K
  class space    used 6879K, committed 7424K, reserved 1048576K
}

